2024-02-16T17:35:00.764Z [Modules] Modules initializing
2024-02-16T17:35:00.764Z [Modules] Distribution: remote
2024-02-16T17:35:00.764Z [Modules] Host updates: disabled
2024-02-16T17:35:00.764Z [Modules] Module updates: enabled
2024-02-16T17:35:00.764Z [Modules] Module install path: /home/wrdowney/.config/discord/0.0.42/modules
2024-02-16T17:35:00.764Z [Modules] Module installed file path: /home/wrdowney/.config/discord/0.0.42/modules/installed.json
2024-02-16T17:35:00.764Z [Modules] Module download path: /home/wrdowney/.config/discord/0.0.42/modules/pending
2024-02-16T17:35:00.847Z [Modules] Bootstrapping...
2024-02-16T17:35:00.848Z [Modules] Installing discord_desktop_core@0 from /usr/lib64/discord/resources/bootstrap/discord_desktop_core.zip
2024-02-16T17:35:00.849Z [Modules] Failed installing discord_desktop_core@0: Error: ENOENT: no such file or directory, open '/usr/lib64/discord/resources/bootstrap/discord_desktop_core.zip'
2024-02-16T17:35:00.850Z [Modules] Installing discord_erlpack@0 from /usr/lib64/discord/resources/bootstrap/discord_erlpack.zip
2024-02-16T17:35:00.850Z [Modules] Failed installing discord_erlpack@0: Error: ENOENT: no such file or directory, open '/usr/lib64/discord/resources/bootstrap/discord_erlpack.zip'
2024-02-16T17:35:00.850Z [Modules] Installing discord_spellcheck@0 from /usr/lib64/discord/resources/bootstrap/discord_spellcheck.zip
2024-02-16T17:35:00.850Z [Modules] Failed installing discord_spellcheck@0: Error: ENOENT: no such file or directory, open '/usr/lib64/discord/resources/bootstrap/discord_spellcheck.zip'
2024-02-16T17:35:00.851Z [Modules] Installing discord_utils@0 from /usr/lib64/discord/resources/bootstrap/discord_utils.zip
2024-02-16T17:35:00.851Z [Modules] Failed installing discord_utils@0: Error: ENOENT: no such file or directory, open '/usr/lib64/discord/resources/bootstrap/discord_utils.zip'
2024-02-16T17:35:00.851Z [Modules] Installing discord_voice@0 from /usr/lib64/discord/resources/bootstrap/discord_voice.zip
2024-02-16T17:35:00.851Z [Modules] Failed installing discord_voice@0: Error: ENOENT: no such file or directory, open '/usr/lib64/discord/resources/bootstrap/discord_voice.zip'
2024-02-16T17:35:00.852Z [Modules] Finished module installations. [success: 0] [failure: 5]
2024-02-16T17:35:00.852Z [Modules] Host is up to date.
2024-02-16T17:35:00.852Z [Modules] Checking for module updates at https://discord.com/api/modules/stable/versions.json
2024-02-16T17:35:01.166Z [Modules] Module update available: discord_desktop_core@1 [installed: 0]
2024-02-16T17:35:01.166Z [Modules] Module update available: discord_erlpack@1 [installed: 0]
2024-02-16T17:35:01.166Z [Modules] Module update available: discord_spellcheck@1 [installed: 0]
2024-02-16T17:35:01.166Z [Modules] Module update available: discord_utils@1 [installed: 0]
2024-02-16T17:35:01.167Z [Modules] Module update available: discord_voice@2 [installed: 0]
2024-02-16T17:35:01.168Z [Modules] Fetching discord_desktop_core@1 from https://discord.com/api/modules/stable/discord_desktop_core/1
2024-02-16T17:35:01.168Z [Modules] Streaming discord_desktop_core@1 to /home/wrdowney/.config/discord/0.0.42/modules/pending/discord_desktop_core-1.zip
2024-02-16T17:35:01.488Z [Modules] Streaming discord_desktop_core@1 to /home/wrdowney/.config/discord/0.0.42/modules/pending/discord_desktop_core-1.zip: 2%
2024-02-16T17:35:01.517Z [Modules] Streaming discord_desktop_core@1 to /home/wrdowney/.config/discord/0.0.42/modules/pending/discord_desktop_core-1.zip: 4%
2024-02-16T17:35:01.521Z [Modules] Streaming discord_desktop_core@1 to /home/wrdowney/.config/discord/0.0.42/modules/pending/discord_desktop_core-1.zip: 5%
2024-02-16T17:35:01.545Z [Modules] Streaming discord_desktop_core@1 to /home/wrdowney/.config/discord/0.0.42/modules/pending/discord_desktop_core-1.zip: 8%
2024-02-16T17:35:01.548Z [Modules] Streaming discord_desktop_core@1 to /home/wrdowney/.config/discord/0.0.42/modules/pending/discord_desktop_core-1.zip: 11%
2024-02-16T17:35:01.556Z [Modules] Streaming discord_desktop_core@1 to /home/wrdowney/.config/discord/0.0.42/modules/pending/discord_desktop_core-1.zip: 14%
2024-02-16T17:35:01.577Z [Modules] Streaming discord_desktop_core@1 to /home/wrdowney/.config/discord/0.0.42/modules/pending/discord_desktop_core-1.zip: 17%
2024-02-16T17:35:01.579Z [Modules] Streaming discord_desktop_core@1 to /home/wrdowney/.config/discord/0.0.42/modules/pending/discord_desktop_core-1.zip: 20%
2024-02-16T17:35:01.581Z [Modules] Streaming discord_desktop_core@1 to /home/wrdowney/.config/discord/0.0.42/modules/pending/discord_desktop_core-1.zip: 22%
2024-02-16T17:35:01.583Z [Modules] Streaming discord_desktop_core@1 to /home/wrdowney/.config/discord/0.0.42/modules/pending/discord_desktop_core-1.zip: 25%
2024-02-16T17:35:01.585Z [Modules] Streaming discord_desktop_core@1 to /home/wrdowney/.config/discord/0.0.42/modules/pending/discord_desktop_core-1.zip: 28%
2024-02-16T17:35:01.587Z [Modules] Streaming discord_desktop_core@1 to /home/wrdowney/.config/discord/0.0.42/modules/pending/discord_desktop_core-1.zip: 31%
2024-02-16T17:35:01.589Z [Modules] Streaming discord_desktop_core@1 to /home/wrdowney/.config/discord/0.0.42/modules/pending/discord_desktop_core-1.zip: 34%
2024-02-16T17:35:01.605Z [Modules] Streaming discord_desktop_core@1 to /home/wrdowney/.config/discord/0.0.42/modules/pending/discord_desktop_core-1.zip: 37%
2024-02-16T17:35:01.607Z [Modules] Streaming discord_desktop_core@1 to /home/wrdowney/.config/discord/0.0.42/modules/pending/discord_desktop_core-1.zip: 40%
2024-02-16T17:35:01.609Z [Modules] Streaming discord_desktop_core@1 to /home/wrdowney/.config/discord/0.0.42/modules/pending/discord_desktop_core-1.zip: 43%
2024-02-16T17:35:01.612Z [Modules] Streaming discord_desktop_core@1 to /home/wrdowney/.config/discord/0.0.42/modules/pending/discord_desktop_core-1.zip: 46%
2024-02-16T17:35:01.615Z [Modules] Streaming discord_desktop_core@1 to /home/wrdowney/.config/discord/0.0.42/modules/pending/discord_desktop_core-1.zip: 49%
2024-02-16T17:35:01.617Z [Modules] Streaming discord_desktop_core@1 to /home/wrdowney/.config/discord/0.0.42/modules/pending/discord_desktop_core-1.zip: 52%
2024-02-16T17:35:01.618Z [Modules] Streaming discord_desktop_core@1 to /home/wrdowney/.config/discord/0.0.42/modules/pending/discord_desktop_core-1.zip: 55%
2024-02-16T17:35:01.620Z [Modules] Streaming discord_desktop_core@1 to /home/wrdowney/.config/discord/0.0.42/modules/pending/discord_desktop_core-1.zip: 58%
2024-02-16T17:35:01.621Z [Modules] Streaming discord_desktop_core@1 to /home/wrdowney/.config/discord/0.0.42/modules/pending/discord_desktop_core-1.zip: 61%
2024-02-16T17:35:01.623Z [Modules] Streaming discord_desktop_core@1 to /home/wrdowney/.config/discord/0.0.42/modules/pending/discord_desktop_core-1.zip: 64%
2024-02-16T17:35:01.624Z [Modules] Streaming discord_desktop_core@1 to /home/wrdowney/.config/discord/0.0.42/modules/pending/discord_desktop_core-1.zip: 67%
2024-02-16T17:35:01.626Z [Modules] Streaming discord_desktop_core@1 to /home/wrdowney/.config/discord/0.0.42/modules/pending/discord_desktop_core-1.zip: 70%
2024-02-16T17:35:01.628Z [Modules] Streaming discord_desktop_core@1 to /home/wrdowney/.config/discord/0.0.42/modules/pending/discord_desktop_core-1.zip: 73%
2024-02-16T17:35:01.630Z [Modules] Streaming discord_desktop_core@1 to /home/wrdowney/.config/discord/0.0.42/modules/pending/discord_desktop_core-1.zip: 76%
2024-02-16T17:35:01.634Z [Modules] Streaming discord_desktop_core@1 to /home/wrdowney/.config/discord/0.0.42/modules/pending/discord_desktop_core-1.zip: 77%
2024-02-16T17:35:01.636Z [Modules] Streaming discord_desktop_core@1 to /home/wrdowney/.config/discord/0.0.42/modules/pending/discord_desktop_core-1.zip: 80%
2024-02-16T17:35:01.638Z [Modules] Streaming discord_desktop_core@1 to /home/wrdowney/.config/discord/0.0.42/modules/pending/discord_desktop_core-1.zip: 83%
2024-02-16T17:35:01.640Z [Modules] Streaming discord_desktop_core@1 to /home/wrdowney/.config/discord/0.0.42/modules/pending/discord_desktop_core-1.zip: 86%
2024-02-16T17:35:01.640Z [Modules] Streaming discord_desktop_core@1 to /home/wrdowney/.config/discord/0.0.42/modules/pending/discord_desktop_core-1.zip: 87%
2024-02-16T17:35:01.641Z [Modules] Streaming discord_desktop_core@1 to /home/wrdowney/.config/discord/0.0.42/modules/pending/discord_desktop_core-1.zip: 90%
2024-02-16T17:35:01.643Z [Modules] Streaming discord_desktop_core@1 to /home/wrdowney/.config/discord/0.0.42/modules/pending/discord_desktop_core-1.zip: 93%
2024-02-16T17:35:01.647Z [Modules] Streaming discord_desktop_core@1 to /home/wrdowney/.config/discord/0.0.42/modules/pending/discord_desktop_core-1.zip: 95%
2024-02-16T17:35:01.648Z [Modules] Streaming discord_desktop_core@1 to /home/wrdowney/.config/discord/0.0.42/modules/pending/discord_desktop_core-1.zip: 96%
2024-02-16T17:35:01.649Z [Modules] Streaming discord_desktop_core@1 to /home/wrdowney/.config/discord/0.0.42/modules/pending/discord_desktop_core-1.zip: 99%
2024-02-16T17:35:01.650Z [Modules] Streaming discord_desktop_core@1 to /home/wrdowney/.config/discord/0.0.42/modules/pending/discord_desktop_core-1.zip: 100%
2024-02-16T17:35:01.652Z [Modules] Fetching discord_erlpack@1 from https://discord.com/api/modules/stable/discord_erlpack/1
2024-02-16T17:35:01.652Z [Modules] Streaming discord_erlpack@1 to /home/wrdowney/.config/discord/0.0.42/modules/pending/discord_erlpack-1.zip
2024-02-16T17:35:01.834Z [Modules] Streaming discord_erlpack@1 to /home/wrdowney/.config/discord/0.0.42/modules/pending/discord_erlpack-1.zip: 3%
2024-02-16T17:35:01.842Z [Modules] Streaming discord_erlpack@1 to /home/wrdowney/.config/discord/0.0.42/modules/pending/discord_erlpack-1.zip: 4%
2024-02-16T17:35:01.844Z [Modules] Streaming discord_erlpack@1 to /home/wrdowney/.config/discord/0.0.42/modules/pending/discord_erlpack-1.zip: 7%
2024-02-16T17:35:01.846Z [Modules] Streaming discord_erlpack@1 to /home/wrdowney/.config/discord/0.0.42/modules/pending/discord_erlpack-1.zip: 14%
2024-02-16T17:35:01.847Z [Modules] Streaming discord_erlpack@1 to /home/wrdowney/.config/discord/0.0.42/modules/pending/discord_erlpack-1.zip: 21%
2024-02-16T17:35:01.849Z [Modules] Streaming discord_erlpack@1 to /home/wrdowney/.config/discord/0.0.42/modules/pending/discord_erlpack-1.zip: 34%
2024-02-16T17:35:01.851Z [Modules] Streaming discord_erlpack@1 to /home/wrdowney/.config/discord/0.0.42/modules/pending/discord_erlpack-1.zip: 48%
2024-02-16T17:35:01.852Z [Modules] Streaming discord_erlpack@1 to /home/wrdowney/.config/discord/0.0.42/modules/pending/discord_erlpack-1.zip: 62%
2024-02-16T17:35:01.854Z [Modules] Streaming discord_erlpack@1 to /home/wrdowney/.config/discord/0.0.42/modules/pending/discord_erlpack-1.zip: 68%
2024-02-16T17:35:01.855Z [Modules] Streaming discord_erlpack@1 to /home/wrdowney/.config/discord/0.0.42/modules/pending/discord_erlpack-1.zip: 71%
2024-02-16T17:35:01.855Z [Modules] Streaming discord_erlpack@1 to /home/wrdowney/.config/discord/0.0.42/modules/pending/discord_erlpack-1.zip: 75%
2024-02-16T17:35:01.857Z [Modules] Streaming discord_erlpack@1 to /home/wrdowney/.config/discord/0.0.42/modules/pending/discord_erlpack-1.zip: 78%
2024-02-16T17:35:01.858Z [Modules] Streaming discord_erlpack@1 to /home/wrdowney/.config/discord/0.0.42/modules/pending/discord_erlpack-1.zip: 81%
2024-02-16T17:35:01.859Z [Modules] Streaming discord_erlpack@1 to /home/wrdowney/.config/discord/0.0.42/modules/pending/discord_erlpack-1.zip: 85%
2024-02-16T17:35:01.860Z [Modules] Streaming discord_erlpack@1 to /home/wrdowney/.config/discord/0.0.42/modules/pending/discord_erlpack-1.zip: 88%
2024-02-16T17:35:01.861Z [Modules] Streaming discord_erlpack@1 to /home/wrdowney/.config/discord/0.0.42/modules/pending/discord_erlpack-1.zip: 92%
2024-02-16T17:35:01.863Z [Modules] Streaming discord_erlpack@1 to /home/wrdowney/.config/discord/0.0.42/modules/pending/discord_erlpack-1.zip: 95%
2024-02-16T17:35:01.863Z [Modules] Streaming discord_erlpack@1 to /home/wrdowney/.config/discord/0.0.42/modules/pending/discord_erlpack-1.zip: 98%
2024-02-16T17:35:01.864Z [Modules] Streaming discord_erlpack@1 to /home/wrdowney/.config/discord/0.0.42/modules/pending/discord_erlpack-1.zip: 100%
2024-02-16T17:35:01.865Z [Modules] Fetching discord_spellcheck@1 from https://discord.com/api/modules/stable/discord_spellcheck/1
2024-02-16T17:35:01.865Z [Modules] Streaming discord_spellcheck@1 to /home/wrdowney/.config/discord/0.0.42/modules/pending/discord_spellcheck-1.zip
2024-02-16T17:35:02.083Z [Modules] Streaming discord_spellcheck@1 to /home/wrdowney/.config/discord/0.0.42/modules/pending/discord_spellcheck-1.zip: 1%
2024-02-16T17:35:02.086Z [Modules] Streaming discord_spellcheck@1 to /home/wrdowney/.config/discord/0.0.42/modules/pending/discord_spellcheck-1.zip: 2%
2024-02-16T17:35:02.088Z [Modules] Streaming discord_spellcheck@1 to /home/wrdowney/.config/discord/0.0.42/modules/pending/discord_spellcheck-1.zip: 3%
2024-02-16T17:35:02.090Z [Modules] Streaming discord_spellcheck@1 to /home/wrdowney/.config/discord/0.0.42/modules/pending/discord_spellcheck-1.zip: 4%
2024-02-16T17:35:02.091Z [Modules] Streaming discord_spellcheck@1 to /home/wrdowney/.config/discord/0.0.42/modules/pending/discord_spellcheck-1.zip: 5%
2024-02-16T17:35:02.093Z [Modules] Streaming discord_spellcheck@1 to /home/wrdowney/.config/discord/0.0.42/modules/pending/discord_spellcheck-1.zip: 6%
2024-02-16T17:35:02.095Z [Modules] Streaming discord_spellcheck@1 to /home/wrdowney/.config/discord/0.0.42/modules/pending/discord_spellcheck-1.zip: 7%
2024-02-16T17:35:02.096Z [Modules] Streaming discord_spellcheck@1 to /home/wrdowney/.config/discord/0.0.42/modules/pending/discord_spellcheck-1.zip: 8%
2024-02-16T17:35:02.097Z [Modules] Streaming discord_spellcheck@1 to /home/wrdowney/.config/discord/0.0.42/modules/pending/discord_spellcheck-1.zip: 9%
2024-02-16T17:35:02.099Z [Modules] Streaming discord_spellcheck@1 to /home/wrdowney/.config/discord/0.0.42/modules/pending/discord_spellcheck-1.zip: 10%
2024-02-16T17:35:02.100Z [Modules] Streaming discord_spellcheck@1 to /home/wrdowney/.config/discord/0.0.42/modules/pending/discord_spellcheck-1.zip: 11%
2024-02-16T17:35:02.102Z [Modules] Streaming discord_spellcheck@1 to /home/wrdowney/.config/discord/0.0.42/modules/pending/discord_spellcheck-1.zip: 12%
2024-02-16T17:35:02.103Z [Modules] Streaming discord_spellcheck@1 to /home/wrdowney/.config/discord/0.0.42/modules/pending/discord_spellcheck-1.zip: 13%
2024-02-16T17:35:02.105Z [Modules] Streaming discord_spellcheck@1 to /home/wrdowney/.config/discord/0.0.42/modules/pending/discord_spellcheck-1.zip: 14%
2024-02-16T17:35:02.107Z [Modules] Streaming discord_spellcheck@1 to /home/wrdowney/.config/discord/0.0.42/modules/pending/discord_spellcheck-1.zip: 15%
2024-02-16T17:35:02.108Z [Modules] Streaming discord_spellcheck@1 to /home/wrdowney/.config/discord/0.0.42/modules/pending/discord_spellcheck-1.zip: 16%
2024-02-16T17:35:02.111Z [Modules] Streaming discord_spellcheck@1 to /home/wrdowney/.config/discord/0.0.42/modules/pending/discord_spellcheck-1.zip: 17%
2024-02-16T17:35:02.112Z [Modules] Streaming discord_spellcheck@1 to /home/wrdowney/.config/discord/0.0.42/modules/pending/discord_spellcheck-1.zip: 18%
2024-02-16T17:35:02.114Z [Modules] Streaming discord_spellcheck@1 to /home/wrdowney/.config/discord/0.0.42/modules/pending/discord_spellcheck-1.zip: 19%
2024-02-16T17:35:02.116Z [Modules] Streaming discord_spellcheck@1 to /home/wrdowney/.config/discord/0.0.42/modules/pending/discord_spellcheck-1.zip: 20%
2024-02-16T17:35:02.118Z [Modules] Streaming discord_spellcheck@1 to /home/wrdowney/.config/discord/0.0.42/modules/pending/discord_spellcheck-1.zip: 21%
2024-02-16T17:35:02.119Z [Modules] Streaming discord_spellcheck@1 to /home/wrdowney/.config/discord/0.0.42/modules/pending/discord_spellcheck-1.zip: 22%
2024-02-16T17:35:02.121Z [Modules] Streaming discord_spellcheck@1 to /home/wrdowney/.config/discord/0.0.42/modules/pending/discord_spellcheck-1.zip: 23%
2024-02-16T17:35:02.122Z [Modules] Streaming discord_spellcheck@1 to /home/wrdowney/.config/discord/0.0.42/modules/pending/discord_spellcheck-1.zip: 24%
2024-02-16T17:35:02.125Z [Modules] Streaming discord_spellcheck@1 to /home/wrdowney/.config/discord/0.0.42/modules/pending/discord_spellcheck-1.zip: 25%
2024-02-16T17:35:02.126Z [Modules] Streaming discord_spellcheck@1 to /home/wrdowney/.config/discord/0.0.42/modules/pending/discord_spellcheck-1.zip: 26%
2024-02-16T17:35:02.128Z [Modules] Streaming discord_spellcheck@1 to /home/wrdowney/.config/discord/0.0.42/modules/pending/discord_spellcheck-1.zip: 27%
2024-02-16T17:35:02.130Z [Modules] Streaming discord_spellcheck@1 to /home/wrdowney/.config/discord/0.0.42/modules/pending/discord_spellcheck-1.zip: 28%
2024-02-16T17:35:02.131Z [Modules] Streaming discord_spellcheck@1 to /home/wrdowney/.config/discord/0.0.42/modules/pending/discord_spellcheck-1.zip: 29%
2024-02-16T17:35:02.133Z [Modules] Streaming discord_spellcheck@1 to /home/wrdowney/.config/discord/0.0.42/modules/pending/discord_spellcheck-1.zip: 30%
2024-02-16T17:35:02.135Z [Modules] Streaming discord_spellcheck@1 to /home/wrdowney/.config/discord/0.0.42/modules/pending/discord_spellcheck-1.zip: 31%
2024-02-16T17:35:02.137Z [Modules] Streaming discord_spellcheck@1 to /home/wrdowney/.config/discord/0.0.42/modules/pending/discord_spellcheck-1.zip: 32%
2024-02-16T17:35:02.138Z [Modules] Streaming discord_spellcheck@1 to /home/wrdowney/.config/discord/0.0.42/modules/pending/discord_spellcheck-1.zip: 33%
2024-02-16T17:35:02.140Z [Modules] Streaming discord_spellcheck@1 to /home/wrdowney/.config/discord/0.0.42/modules/pending/discord_spellcheck-1.zip: 34%
2024-02-16T17:35:02.141Z [Modules] Streaming discord_spellcheck@1 to /home/wrdowney/.config/discord/0.0.42/modules/pending/discord_spellcheck-1.zip: 35%
2024-02-16T17:35:02.143Z [Modules] Streaming discord_spellcheck@1 to /home/wrdowney/.config/discord/0.0.42/modules/pending/discord_spellcheck-1.zip: 36%
2024-02-16T17:35:02.144Z [Modules] Streaming discord_spellcheck@1 to /home/wrdowney/.config/discord/0.0.42/modules/pending/discord_spellcheck-1.zip: 37%
2024-02-16T17:35:02.146Z [Modules] Streaming discord_spellcheck@1 to /home/wrdowney/.config/discord/0.0.42/modules/pending/discord_spellcheck-1.zip: 38%
2024-02-16T17:35:02.149Z [Modules] Streaming discord_spellcheck@1 to /home/wrdowney/.config/discord/0.0.42/modules/pending/discord_spellcheck-1.zip: 39%
2024-02-16T17:35:02.150Z [Modules] Streaming discord_spellcheck@1 to /home/wrdowney/.config/discord/0.0.42/modules/pending/discord_spellcheck-1.zip: 40%
2024-02-16T17:35:02.152Z [Modules] Streaming discord_spellcheck@1 to /home/wrdowney/.config/discord/0.0.42/modules/pending/discord_spellcheck-1.zip: 41%
2024-02-16T17:35:02.153Z [Modules] Streaming discord_spellcheck@1 to /home/wrdowney/.config/discord/0.0.42/modules/pending/discord_spellcheck-1.zip: 42%
2024-02-16T17:35:02.155Z [Modules] Streaming discord_spellcheck@1 to /home/wrdowney/.config/discord/0.0.42/modules/pending/discord_spellcheck-1.zip: 43%
2024-02-16T17:35:02.156Z [Modules] Streaming discord_spellcheck@1 to /home/wrdowney/.config/discord/0.0.42/modules/pending/discord_spellcheck-1.zip: 44%
2024-02-16T17:35:02.158Z [Modules] Streaming discord_spellcheck@1 to /home/wrdowney/.config/discord/0.0.42/modules/pending/discord_spellcheck-1.zip: 45%
2024-02-16T17:35:02.161Z [Modules] Streaming discord_spellcheck@1 to /home/wrdowney/.config/discord/0.0.42/modules/pending/discord_spellcheck-1.zip: 46%
2024-02-16T17:35:02.162Z [Modules] Streaming discord_spellcheck@1 to /home/wrdowney/.config/discord/0.0.42/modules/pending/discord_spellcheck-1.zip: 47%
2024-02-16T17:35:02.164Z [Modules] Streaming discord_spellcheck@1 to /home/wrdowney/.config/discord/0.0.42/modules/pending/discord_spellcheck-1.zip: 48%
2024-02-16T17:35:02.165Z [Modules] Streaming discord_spellcheck@1 to /home/wrdowney/.config/discord/0.0.42/modules/pending/discord_spellcheck-1.zip: 49%
2024-02-16T17:35:02.168Z [Modules] Streaming discord_spellcheck@1 to /home/wrdowney/.config/discord/0.0.42/modules/pending/discord_spellcheck-1.zip: 50%
2024-02-16T17:35:02.169Z [Modules] Streaming discord_spellcheck@1 to /home/wrdowney/.config/discord/0.0.42/modules/pending/discord_spellcheck-1.zip: 51%
2024-02-16T17:35:02.171Z [Modules] Streaming discord_spellcheck@1 to /home/wrdowney/.config/discord/0.0.42/modules/pending/discord_spellcheck-1.zip: 52%
2024-02-16T17:35:02.172Z [Modules] Streaming discord_spellcheck@1 to /home/wrdowney/.config/discord/0.0.42/modules/pending/discord_spellcheck-1.zip: 53%
2024-02-16T17:35:02.175Z [Modules] Streaming discord_spellcheck@1 to /home/wrdowney/.config/discord/0.0.42/modules/pending/discord_spellcheck-1.zip: 54%
2024-02-16T17:35:02.176Z [Modules] Streaming discord_spellcheck@1 to /home/wrdowney/.config/discord/0.0.42/modules/pending/discord_spellcheck-1.zip: 55%
2024-02-16T17:35:02.178Z [Modules] Streaming discord_spellcheck@1 to /home/wrdowney/.config/discord/0.0.42/modules/pending/discord_spellcheck-1.zip: 56%
2024-02-16T17:35:02.180Z [Modules] Streaming discord_spellcheck@1 to /home/wrdowney/.config/discord/0.0.42/modules/pending/discord_spellcheck-1.zip: 57%
2024-02-16T17:35:02.181Z [Modules] Streaming discord_spellcheck@1 to /home/wrdowney/.config/discord/0.0.42/modules/pending/discord_spellcheck-1.zip: 58%
2024-02-16T17:35:02.183Z [Modules] Streaming discord_spellcheck@1 to /home/wrdowney/.config/discord/0.0.42/modules/pending/discord_spellcheck-1.zip: 59%
2024-02-16T17:35:02.184Z [Modules] Streaming discord_spellcheck@1 to /home/wrdowney/.config/discord/0.0.42/modules/pending/discord_spellcheck-1.zip: 60%
2024-02-16T17:35:02.186Z [Modules] Streaming discord_spellcheck@1 to /home/wrdowney/.config/discord/0.0.42/modules/pending/discord_spellcheck-1.zip: 61%
2024-02-16T17:35:02.188Z [Modules] Streaming discord_spellcheck@1 to /home/wrdowney/.config/discord/0.0.42/modules/pending/discord_spellcheck-1.zip: 62%
2024-02-16T17:35:02.190Z [Modules] Streaming discord_spellcheck@1 to /home/wrdowney/.config/discord/0.0.42/modules/pending/discord_spellcheck-1.zip: 63%
2024-02-16T17:35:02.191Z [Modules] Streaming discord_spellcheck@1 to /home/wrdowney/.config/discord/0.0.42/modules/pending/discord_spellcheck-1.zip: 64%
2024-02-16T17:35:02.193Z [Modules] Streaming discord_spellcheck@1 to /home/wrdowney/.config/discord/0.0.42/modules/pending/discord_spellcheck-1.zip: 65%
2024-02-16T17:35:02.194Z [Modules] Streaming discord_spellcheck@1 to /home/wrdowney/.config/discord/0.0.42/modules/pending/discord_spellcheck-1.zip: 66%
2024-02-16T17:35:02.197Z [Modules] Streaming discord_spellcheck@1 to /home/wrdowney/.config/discord/0.0.42/modules/pending/discord_spellcheck-1.zip: 67%
2024-02-16T17:35:02.198Z [Modules] Streaming discord_spellcheck@1 to /home/wrdowney/.config/discord/0.0.42/modules/pending/discord_spellcheck-1.zip: 68%
2024-02-16T17:35:02.200Z [Modules] Streaming discord_spellcheck@1 to /home/wrdowney/.config/discord/0.0.42/modules/pending/discord_spellcheck-1.zip: 69%
2024-02-16T17:35:02.201Z [Modules] Streaming discord_spellcheck@1 to /home/wrdowney/.config/discord/0.0.42/modules/pending/discord_spellcheck-1.zip: 70%
2024-02-16T17:35:02.204Z [Modules] Streaming discord_spellcheck@1 to /home/wrdowney/.config/discord/0.0.42/modules/pending/discord_spellcheck-1.zip: 71%
2024-02-16T17:35:02.205Z [Modules] Streaming discord_spellcheck@1 to /home/wrdowney/.config/discord/0.0.42/modules/pending/discord_spellcheck-1.zip: 72%
2024-02-16T17:35:02.207Z [Modules] Streaming discord_spellcheck@1 to /home/wrdowney/.config/discord/0.0.42/modules/pending/discord_spellcheck-1.zip: 73%
2024-02-16T17:35:02.210Z [Modules] Streaming discord_spellcheck@1 to /home/wrdowney/.config/discord/0.0.42/modules/pending/discord_spellcheck-1.zip: 74%
2024-02-16T17:35:02.211Z [Modules] Streaming discord_spellcheck@1 to /home/wrdowney/.config/discord/0.0.42/modules/pending/discord_spellcheck-1.zip: 75%
2024-02-16T17:35:02.213Z [Modules] Streaming discord_spellcheck@1 to /home/wrdowney/.config/discord/0.0.42/modules/pending/discord_spellcheck-1.zip: 76%
2024-02-16T17:35:02.214Z [Modules] Streaming discord_spellcheck@1 to /home/wrdowney/.config/discord/0.0.42/modules/pending/discord_spellcheck-1.zip: 77%
2024-02-16T17:35:02.216Z [Modules] Streaming discord_spellcheck@1 to /home/wrdowney/.config/discord/0.0.42/modules/pending/discord_spellcheck-1.zip: 78%
2024-02-16T17:35:02.218Z [Modules] Streaming discord_spellcheck@1 to /home/wrdowney/.config/discord/0.0.42/modules/pending/discord_spellcheck-1.zip: 79%
2024-02-16T17:35:02.220Z [Modules] Streaming discord_spellcheck@1 to /home/wrdowney/.config/discord/0.0.42/modules/pending/discord_spellcheck-1.zip: 80%
2024-02-16T17:35:02.221Z [Modules] Streaming discord_spellcheck@1 to /home/wrdowney/.config/discord/0.0.42/modules/pending/discord_spellcheck-1.zip: 81%
2024-02-16T17:35:02.223Z [Modules] Streaming discord_spellcheck@1 to /home/wrdowney/.config/discord/0.0.42/modules/pending/discord_spellcheck-1.zip: 82%
2024-02-16T17:35:02.225Z [Modules] Streaming discord_spellcheck@1 to /home/wrdowney/.config/discord/0.0.42/modules/pending/discord_spellcheck-1.zip: 83%
2024-02-16T17:35:02.227Z [Modules] Streaming discord_spellcheck@1 to /home/wrdowney/.config/discord/0.0.42/modules/pending/discord_spellcheck-1.zip: 84%
2024-02-16T17:35:02.228Z [Modules] Streaming discord_spellcheck@1 to /home/wrdowney/.config/discord/0.0.42/modules/pending/discord_spellcheck-1.zip: 85%
2024-02-16T17:35:02.231Z [Modules] Streaming discord_spellcheck@1 to /home/wrdowney/.config/discord/0.0.42/modules/pending/discord_spellcheck-1.zip: 86%
2024-02-16T17:35:02.232Z [Modules] Streaming discord_spellcheck@1 to /home/wrdowney/.config/discord/0.0.42/modules/pending/discord_spellcheck-1.zip: 87%
2024-02-16T17:35:02.234Z [Modules] Streaming discord_spellcheck@1 to /home/wrdowney/.config/discord/0.0.42/modules/pending/discord_spellcheck-1.zip: 88%
2024-02-16T17:35:02.235Z [Modules] Streaming discord_spellcheck@1 to /home/wrdowney/.config/discord/0.0.42/modules/pending/discord_spellcheck-1.zip: 89%
2024-02-16T17:35:02.238Z [Modules] Streaming discord_spellcheck@1 to /home/wrdowney/.config/discord/0.0.42/modules/pending/discord_spellcheck-1.zip: 90%
2024-02-16T17:35:02.240Z [Modules] Streaming discord_spellcheck@1 to /home/wrdowney/.config/discord/0.0.42/modules/pending/discord_spellcheck-1.zip: 91%
2024-02-16T17:35:02.241Z [Modules] Streaming discord_spellcheck@1 to /home/wrdowney/.config/discord/0.0.42/modules/pending/discord_spellcheck-1.zip: 92%
2024-02-16T17:35:02.243Z [Modules] Streaming discord_spellcheck@1 to /home/wrdowney/.config/discord/0.0.42/modules/pending/discord_spellcheck-1.zip: 93%
2024-02-16T17:35:02.245Z [Modules] Streaming discord_spellcheck@1 to /home/wrdowney/.config/discord/0.0.42/modules/pending/discord_spellcheck-1.zip: 94%
2024-02-16T17:35:02.246Z [Modules] Streaming discord_spellcheck@1 to /home/wrdowney/.config/discord/0.0.42/modules/pending/discord_spellcheck-1.zip: 95%
2024-02-16T17:35:02.247Z [Modules] Streaming discord_spellcheck@1 to /home/wrdowney/.config/discord/0.0.42/modules/pending/discord_spellcheck-1.zip: 96%
2024-02-16T17:35:02.249Z [Modules] Streaming discord_spellcheck@1 to /home/wrdowney/.config/discord/0.0.42/modules/pending/discord_spellcheck-1.zip: 97%
2024-02-16T17:35:02.250Z [Modules] Streaming discord_spellcheck@1 to /home/wrdowney/.config/discord/0.0.42/modules/pending/discord_spellcheck-1.zip: 98%
2024-02-16T17:35:02.252Z [Modules] Streaming discord_spellcheck@1 to /home/wrdowney/.config/discord/0.0.42/modules/pending/discord_spellcheck-1.zip: 99%
2024-02-16T17:35:02.253Z [Modules] Streaming discord_spellcheck@1 to /home/wrdowney/.config/discord/0.0.42/modules/pending/discord_spellcheck-1.zip: 100%
2024-02-16T17:35:02.254Z [Modules] Fetching discord_utils@1 from https://discord.com/api/modules/stable/discord_utils/1
2024-02-16T17:35:02.254Z [Modules] Streaming discord_utils@1 to /home/wrdowney/.config/discord/0.0.42/modules/pending/discord_utils-1.zip
2024-02-16T17:35:02.415Z [Modules] Streaming discord_utils@1 to /home/wrdowney/.config/discord/0.0.42/modules/pending/discord_utils-1.zip: 2%
2024-02-16T17:35:02.425Z [Modules] Streaming discord_utils@1 to /home/wrdowney/.config/discord/0.0.42/modules/pending/discord_utils-1.zip: 4%
2024-02-16T17:35:02.429Z [Modules] Streaming discord_utils@1 to /home/wrdowney/.config/discord/0.0.42/modules/pending/discord_utils-1.zip: 17%
2024-02-16T17:35:02.433Z [Modules] Streaming discord_utils@1 to /home/wrdowney/.config/discord/0.0.42/modules/pending/discord_utils-1.zip: 32%
2024-02-16T17:35:02.435Z [Modules] Streaming discord_utils@1 to /home/wrdowney/.config/discord/0.0.42/modules/pending/discord_utils-1.zip: 42%
2024-02-16T17:35:02.436Z [Modules] Streaming discord_utils@1 to /home/wrdowney/.config/discord/0.0.42/modules/pending/discord_utils-1.zip: 44%
2024-02-16T17:35:02.437Z [Modules] Streaming discord_utils@1 to /home/wrdowney/.config/discord/0.0.42/modules/pending/discord_utils-1.zip: 46%
2024-02-16T17:35:02.438Z [Modules] Streaming discord_utils@1 to /home/wrdowney/.config/discord/0.0.42/modules/pending/discord_utils-1.zip: 48%
2024-02-16T17:35:02.439Z [Modules] Streaming discord_utils@1 to /home/wrdowney/.config/discord/0.0.42/modules/pending/discord_utils-1.zip: 50%
2024-02-16T17:35:02.440Z [Modules] Streaming discord_utils@1 to /home/wrdowney/.config/discord/0.0.42/modules/pending/discord_utils-1.zip: 52%
2024-02-16T17:35:02.441Z [Modules] Streaming discord_utils@1 to /home/wrdowney/.config/discord/0.0.42/modules/pending/discord_utils-1.zip: 54%
2024-02-16T17:35:02.442Z [Modules] Streaming discord_utils@1 to /home/wrdowney/.config/discord/0.0.42/modules/pending/discord_utils-1.zip: 56%
2024-02-16T17:35:02.444Z [Modules] Streaming discord_utils@1 to /home/wrdowney/.config/discord/0.0.42/modules/pending/discord_utils-1.zip: 58%
2024-02-16T17:35:02.445Z [Modules] Streaming discord_utils@1 to /home/wrdowney/.config/discord/0.0.42/modules/pending/discord_utils-1.zip: 61%
2024-02-16T17:35:02.446Z [Modules] Streaming discord_utils@1 to /home/wrdowney/.config/discord/0.0.42/modules/pending/discord_utils-1.zip: 63%
2024-02-16T17:35:02.447Z [Modules] Streaming discord_utils@1 to /home/wrdowney/.config/discord/0.0.42/modules/pending/discord_utils-1.zip: 65%
2024-02-16T17:35:02.448Z [Modules] Streaming discord_utils@1 to /home/wrdowney/.config/discord/0.0.42/modules/pending/discord_utils-1.zip: 67%
2024-02-16T17:35:02.450Z [Modules] Streaming discord_utils@1 to /home/wrdowney/.config/discord/0.0.42/modules/pending/discord_utils-1.zip: 70%
2024-02-16T17:35:02.451Z [Modules] Streaming discord_utils@1 to /home/wrdowney/.config/discord/0.0.42/modules/pending/discord_utils-1.zip: 72%
2024-02-16T17:35:02.452Z [Modules] Streaming discord_utils@1 to /home/wrdowney/.config/discord/0.0.42/modules/pending/discord_utils-1.zip: 74%
2024-02-16T17:35:02.453Z [Modules] Streaming discord_utils@1 to /home/wrdowney/.config/discord/0.0.42/modules/pending/discord_utils-1.zip: 76%
2024-02-16T17:35:02.454Z [Modules] Streaming discord_utils@1 to /home/wrdowney/.config/discord/0.0.42/modules/pending/discord_utils-1.zip: 78%
2024-02-16T17:35:02.455Z [Modules] Streaming discord_utils@1 to /home/wrdowney/.config/discord/0.0.42/modules/pending/discord_utils-1.zip: 80%
2024-02-16T17:35:02.456Z [Modules] Streaming discord_utils@1 to /home/wrdowney/.config/discord/0.0.42/modules/pending/discord_utils-1.zip: 82%
2024-02-16T17:35:02.457Z [Modules] Streaming discord_utils@1 to /home/wrdowney/.config/discord/0.0.42/modules/pending/discord_utils-1.zip: 84%
2024-02-16T17:35:02.458Z [Modules] Streaming discord_utils@1 to /home/wrdowney/.config/discord/0.0.42/modules/pending/discord_utils-1.zip: 86%
2024-02-16T17:35:02.459Z [Modules] Streaming discord_utils@1 to /home/wrdowney/.config/discord/0.0.42/modules/pending/discord_utils-1.zip: 88%
2024-02-16T17:35:02.460Z [Modules] Streaming discord_utils@1 to /home/wrdowney/.config/discord/0.0.42/modules/pending/discord_utils-1.zip: 91%
2024-02-16T17:35:02.461Z [Modules] Streaming discord_utils@1 to /home/wrdowney/.config/discord/0.0.42/modules/pending/discord_utils-1.zip: 93%
2024-02-16T17:35:02.463Z [Modules] Streaming discord_utils@1 to /home/wrdowney/.config/discord/0.0.42/modules/pending/discord_utils-1.zip: 95%
2024-02-16T17:35:02.464Z [Modules] Streaming discord_utils@1 to /home/wrdowney/.config/discord/0.0.42/modules/pending/discord_utils-1.zip: 97%
2024-02-16T17:35:02.465Z [Modules] Streaming discord_utils@1 to /home/wrdowney/.config/discord/0.0.42/modules/pending/discord_utils-1.zip: 99%
2024-02-16T17:35:02.465Z [Modules] Streaming discord_utils@1 to /home/wrdowney/.config/discord/0.0.42/modules/pending/discord_utils-1.zip: 100%
2024-02-16T17:35:02.466Z [Modules] Fetching discord_voice@2 from https://discord.com/api/modules/stable/discord_voice/2
2024-02-16T17:35:02.466Z [Modules] Streaming discord_voice@2 to /home/wrdowney/.config/discord/0.0.42/modules/pending/discord_voice-2.zip
2024-02-16T17:35:02.611Z [Modules] Streaming discord_voice@2 to /home/wrdowney/.config/discord/0.0.42/modules/pending/discord_voice-2.zip: 1%
2024-02-16T17:35:02.616Z [Modules] Streaming discord_voice@2 to /home/wrdowney/.config/discord/0.0.42/modules/pending/discord_voice-2.zip: 2%
2024-02-16T17:35:02.619Z [Modules] Streaming discord_voice@2 to /home/wrdowney/.config/discord/0.0.42/modules/pending/discord_voice-2.zip: 3%
2024-02-16T17:35:02.623Z [Modules] Streaming discord_voice@2 to /home/wrdowney/.config/discord/0.0.42/modules/pending/discord_voice-2.zip: 4%
2024-02-16T17:35:02.628Z [Modules] Streaming discord_voice@2 to /home/wrdowney/.config/discord/0.0.42/modules/pending/discord_voice-2.zip: 5%
2024-02-16T17:35:02.632Z [Modules] Streaming discord_voice@2 to /home/wrdowney/.config/discord/0.0.42/modules/pending/discord_voice-2.zip: 6%
2024-02-16T17:35:02.636Z [Modules] Streaming discord_voice@2 to /home/wrdowney/.config/discord/0.0.42/modules/pending/discord_voice-2.zip: 7%
2024-02-16T17:35:02.641Z [Modules] Streaming discord_voice@2 to /home/wrdowney/.config/discord/0.0.42/modules/pending/discord_voice-2.zip: 8%
2024-02-16T17:35:02.646Z [Modules] Streaming discord_voice@2 to /home/wrdowney/.config/discord/0.0.42/modules/pending/discord_voice-2.zip: 9%
2024-02-16T17:35:02.652Z [Modules] Streaming discord_voice@2 to /home/wrdowney/.config/discord/0.0.42/modules/pending/discord_voice-2.zip: 10%
2024-02-16T17:35:02.656Z [Modules] Streaming discord_voice@2 to /home/wrdowney/.config/discord/0.0.42/modules/pending/discord_voice-2.zip: 11%
2024-02-16T17:35:02.661Z [Modules] Streaming discord_voice@2 to /home/wrdowney/.config/discord/0.0.42/modules/pending/discord_voice-2.zip: 12%
2024-02-16T17:35:02.666Z [Modules] Streaming discord_voice@2 to /home/wrdowney/.config/discord/0.0.42/modules/pending/discord_voice-2.zip: 13%
2024-02-16T17:35:02.670Z [Modules] Streaming discord_voice@2 to /home/wrdowney/.config/discord/0.0.42/modules/pending/discord_voice-2.zip: 14%
2024-02-16T17:35:02.674Z [Modules] Streaming discord_voice@2 to /home/wrdowney/.config/discord/0.0.42/modules/pending/discord_voice-2.zip: 15%
2024-02-16T17:35:02.677Z [Modules] Streaming discord_voice@2 to /home/wrdowney/.config/discord/0.0.42/modules/pending/discord_voice-2.zip: 16%
2024-02-16T17:35:02.682Z [Modules] Streaming discord_voice@2 to /home/wrdowney/.config/discord/0.0.42/modules/pending/discord_voice-2.zip: 17%
2024-02-16T17:35:02.686Z [Modules] Streaming discord_voice@2 to /home/wrdowney/.config/discord/0.0.42/modules/pending/discord_voice-2.zip: 18%
2024-02-16T17:35:02.692Z [Modules] Streaming discord_voice@2 to /home/wrdowney/.config/discord/0.0.42/modules/pending/discord_voice-2.zip: 19%
2024-02-16T17:35:02.697Z [Modules] Streaming discord_voice@2 to /home/wrdowney/.config/discord/0.0.42/modules/pending/discord_voice-2.zip: 20%
2024-02-16T17:35:02.701Z [Modules] Streaming discord_voice@2 to /home/wrdowney/.config/discord/0.0.42/modules/pending/discord_voice-2.zip: 21%
2024-02-16T17:35:02.706Z [Modules] Streaming discord_voice@2 to /home/wrdowney/.config/discord/0.0.42/modules/pending/discord_voice-2.zip: 22%
2024-02-16T17:35:02.711Z [Modules] Streaming discord_voice@2 to /home/wrdowney/.config/discord/0.0.42/modules/pending/discord_voice-2.zip: 23%
2024-02-16T17:35:02.715Z [Modules] Streaming discord_voice@2 to /home/wrdowney/.config/discord/0.0.42/modules/pending/discord_voice-2.zip: 24%
2024-02-16T17:35:02.720Z [Modules] Streaming discord_voice@2 to /home/wrdowney/.config/discord/0.0.42/modules/pending/discord_voice-2.zip: 25%
2024-02-16T17:35:02.724Z [Modules] Streaming discord_voice@2 to /home/wrdowney/.config/discord/0.0.42/modules/pending/discord_voice-2.zip: 26%
2024-02-16T17:35:02.728Z [Modules] Streaming discord_voice@2 to /home/wrdowney/.config/discord/0.0.42/modules/pending/discord_voice-2.zip: 27%
2024-02-16T17:35:02.733Z [Modules] Streaming discord_voice@2 to /home/wrdowney/.config/discord/0.0.42/modules/pending/discord_voice-2.zip: 28%
2024-02-16T17:35:02.738Z [Modules] Streaming discord_voice@2 to /home/wrdowney/.config/discord/0.0.42/modules/pending/discord_voice-2.zip: 29%
2024-02-16T17:35:02.743Z [Modules] Streaming discord_voice@2 to /home/wrdowney/.config/discord/0.0.42/modules/pending/discord_voice-2.zip: 30%
2024-02-16T17:35:02.749Z [Modules] Streaming discord_voice@2 to /home/wrdowney/.config/discord/0.0.42/modules/pending/discord_voice-2.zip: 31%
2024-02-16T17:35:02.756Z [Modules] Streaming discord_voice@2 to /home/wrdowney/.config/discord/0.0.42/modules/pending/discord_voice-2.zip: 32%
2024-02-16T17:35:02.761Z [Modules] Streaming discord_voice@2 to /home/wrdowney/.config/discord/0.0.42/modules/pending/discord_voice-2.zip: 33%
2024-02-16T17:35:02.765Z [Modules] Streaming discord_voice@2 to /home/wrdowney/.config/discord/0.0.42/modules/pending/discord_voice-2.zip: 34%
2024-02-16T17:35:02.770Z [Modules] Streaming discord_voice@2 to /home/wrdowney/.config/discord/0.0.42/modules/pending/discord_voice-2.zip: 35%
2024-02-16T17:35:02.776Z [Modules] Streaming discord_voice@2 to /home/wrdowney/.config/discord/0.0.42/modules/pending/discord_voice-2.zip: 36%
2024-02-16T17:35:02.780Z [Modules] Streaming discord_voice@2 to /home/wrdowney/.config/discord/0.0.42/modules/pending/discord_voice-2.zip: 37%
2024-02-16T17:35:02.783Z [Modules] Streaming discord_voice@2 to /home/wrdowney/.config/discord/0.0.42/modules/pending/discord_voice-2.zip: 38%
2024-02-16T17:35:02.788Z [Modules] Streaming discord_voice@2 to /home/wrdowney/.config/discord/0.0.42/modules/pending/discord_voice-2.zip: 39%
2024-02-16T17:35:02.792Z [Modules] Streaming discord_voice@2 to /home/wrdowney/.config/discord/0.0.42/modules/pending/discord_voice-2.zip: 40%
2024-02-16T17:35:02.796Z [Modules] Streaming discord_voice@2 to /home/wrdowney/.config/discord/0.0.42/modules/pending/discord_voice-2.zip: 41%
2024-02-16T17:35:02.801Z [Modules] Streaming discord_voice@2 to /home/wrdowney/.config/discord/0.0.42/modules/pending/discord_voice-2.zip: 42%
2024-02-16T17:35:02.805Z [Modules] Streaming discord_voice@2 to /home/wrdowney/.config/discord/0.0.42/modules/pending/discord_voice-2.zip: 43%
2024-02-16T17:35:02.811Z [Modules] Streaming discord_voice@2 to /home/wrdowney/.config/discord/0.0.42/modules/pending/discord_voice-2.zip: 44%
2024-02-16T17:35:02.816Z [Modules] Streaming discord_voice@2 to /home/wrdowney/.config/discord/0.0.42/modules/pending/discord_voice-2.zip: 45%
2024-02-16T17:35:02.821Z [Modules] Streaming discord_voice@2 to /home/wrdowney/.config/discord/0.0.42/modules/pending/discord_voice-2.zip: 46%
2024-02-16T17:35:02.825Z [Modules] Streaming discord_voice@2 to /home/wrdowney/.config/discord/0.0.42/modules/pending/discord_voice-2.zip: 47%
2024-02-16T17:35:02.830Z [Modules] Streaming discord_voice@2 to /home/wrdowney/.config/discord/0.0.42/modules/pending/discord_voice-2.zip: 48%
2024-02-16T17:35:02.834Z [Modules] Streaming discord_voice@2 to /home/wrdowney/.config/discord/0.0.42/modules/pending/discord_voice-2.zip: 49%
2024-02-16T17:35:02.839Z [Modules] Streaming discord_voice@2 to /home/wrdowney/.config/discord/0.0.42/modules/pending/discord_voice-2.zip: 50%
2024-02-16T17:35:02.844Z [Modules] Streaming discord_voice@2 to /home/wrdowney/.config/discord/0.0.42/modules/pending/discord_voice-2.zip: 51%
2024-02-16T17:35:02.848Z [Modules] Streaming discord_voice@2 to /home/wrdowney/.config/discord/0.0.42/modules/pending/discord_voice-2.zip: 52%
2024-02-16T17:35:02.851Z [Modules] Streaming discord_voice@2 to /home/wrdowney/.config/discord/0.0.42/modules/pending/discord_voice-2.zip: 53%
2024-02-16T17:35:02.856Z [Modules] Streaming discord_voice@2 to /home/wrdowney/.config/discord/0.0.42/modules/pending/discord_voice-2.zip: 54%
2024-02-16T17:35:02.860Z [Modules] Streaming discord_voice@2 to /home/wrdowney/.config/discord/0.0.42/modules/pending/discord_voice-2.zip: 55%
2024-02-16T17:35:02.865Z [Modules] Streaming discord_voice@2 to /home/wrdowney/.config/discord/0.0.42/modules/pending/discord_voice-2.zip: 56%
2024-02-16T17:35:02.870Z [Modules] Streaming discord_voice@2 to /home/wrdowney/.config/discord/0.0.42/modules/pending/discord_voice-2.zip: 57%
2024-02-16T17:35:02.874Z [Modules] Streaming discord_voice@2 to /home/wrdowney/.config/discord/0.0.42/modules/pending/discord_voice-2.zip: 58%
2024-02-16T17:35:02.879Z [Modules] Streaming discord_voice@2 to /home/wrdowney/.config/discord/0.0.42/modules/pending/discord_voice-2.zip: 59%
2024-02-16T17:35:02.884Z [Modules] Streaming discord_voice@2 to /home/wrdowney/.config/discord/0.0.42/modules/pending/discord_voice-2.zip: 60%
2024-02-16T17:35:02.888Z [Modules] Streaming discord_voice@2 to /home/wrdowney/.config/discord/0.0.42/modules/pending/discord_voice-2.zip: 61%
2024-02-16T17:35:02.893Z [Modules] Streaming discord_voice@2 to /home/wrdowney/.config/discord/0.0.42/modules/pending/discord_voice-2.zip: 62%
2024-02-16T17:35:02.898Z [Modules] Streaming discord_voice@2 to /home/wrdowney/.config/discord/0.0.42/modules/pending/discord_voice-2.zip: 63%
2024-02-16T17:35:02.902Z [Modules] Streaming discord_voice@2 to /home/wrdowney/.config/discord/0.0.42/modules/pending/discord_voice-2.zip: 64%
2024-02-16T17:35:02.906Z [Modules] Streaming discord_voice@2 to /home/wrdowney/.config/discord/0.0.42/modules/pending/discord_voice-2.zip: 65%
2024-02-16T17:35:02.910Z [Modules] Streaming discord_voice@2 to /home/wrdowney/.config/discord/0.0.42/modules/pending/discord_voice-2.zip: 66%
2024-02-16T17:35:02.914Z [Modules] Streaming discord_voice@2 to /home/wrdowney/.config/discord/0.0.42/modules/pending/discord_voice-2.zip: 67%
2024-02-16T17:35:02.920Z [Modules] Streaming discord_voice@2 to /home/wrdowney/.config/discord/0.0.42/modules/pending/discord_voice-2.zip: 68%
2024-02-16T17:35:02.925Z [Modules] Streaming discord_voice@2 to /home/wrdowney/.config/discord/0.0.42/modules/pending/discord_voice-2.zip: 69%
2024-02-16T17:35:02.929Z [Modules] Streaming discord_voice@2 to /home/wrdowney/.config/discord/0.0.42/modules/pending/discord_voice-2.zip: 70%
2024-02-16T17:35:02.934Z [Modules] Streaming discord_voice@2 to /home/wrdowney/.config/discord/0.0.42/modules/pending/discord_voice-2.zip: 71%
2024-02-16T17:35:02.938Z [Modules] Streaming discord_voice@2 to /home/wrdowney/.config/discord/0.0.42/modules/pending/discord_voice-2.zip: 72%
2024-02-16T17:35:02.943Z [Modules] Streaming discord_voice@2 to /home/wrdowney/.config/discord/0.0.42/modules/pending/discord_voice-2.zip: 73%
2024-02-16T17:35:02.948Z [Modules] Streaming discord_voice@2 to /home/wrdowney/.config/discord/0.0.42/modules/pending/discord_voice-2.zip: 74%
2024-02-16T17:35:02.952Z [Modules] Streaming discord_voice@2 to /home/wrdowney/.config/discord/0.0.42/modules/pending/discord_voice-2.zip: 75%
2024-02-16T17:35:02.957Z [Modules] Streaming discord_voice@2 to /home/wrdowney/.config/discord/0.0.42/modules/pending/discord_voice-2.zip: 76%
2024-02-16T17:35:02.961Z [Modules] Streaming discord_voice@2 to /home/wrdowney/.config/discord/0.0.42/modules/pending/discord_voice-2.zip: 77%
2024-02-16T17:35:02.966Z [Modules] Streaming discord_voice@2 to /home/wrdowney/.config/discord/0.0.42/modules/pending/discord_voice-2.zip: 78%
2024-02-16T17:35:02.970Z [Modules] Streaming discord_voice@2 to /home/wrdowney/.config/discord/0.0.42/modules/pending/discord_voice-2.zip: 79%
2024-02-16T17:35:02.974Z [Modules] Streaming discord_voice@2 to /home/wrdowney/.config/discord/0.0.42/modules/pending/discord_voice-2.zip: 80%
2024-02-16T17:35:02.978Z [Modules] Streaming discord_voice@2 to /home/wrdowney/.config/discord/0.0.42/modules/pending/discord_voice-2.zip: 81%
2024-02-16T17:35:02.983Z [Modules] Streaming discord_voice@2 to /home/wrdowney/.config/discord/0.0.42/modules/pending/discord_voice-2.zip: 82%
2024-02-16T17:35:02.987Z [Modules] Streaming discord_voice@2 to /home/wrdowney/.config/discord/0.0.42/modules/pending/discord_voice-2.zip: 83%
2024-02-16T17:35:02.992Z [Modules] Streaming discord_voice@2 to /home/wrdowney/.config/discord/0.0.42/modules/pending/discord_voice-2.zip: 84%
2024-02-16T17:35:02.996Z [Modules] Streaming discord_voice@2 to /home/wrdowney/.config/discord/0.0.42/modules/pending/discord_voice-2.zip: 85%
2024-02-16T17:35:03.001Z [Modules] Streaming discord_voice@2 to /home/wrdowney/.config/discord/0.0.42/modules/pending/discord_voice-2.zip: 86%
2024-02-16T17:35:03.006Z [Modules] Streaming discord_voice@2 to /home/wrdowney/.config/discord/0.0.42/modules/pending/discord_voice-2.zip: 87%
2024-02-16T17:35:03.012Z [Modules] Streaming discord_voice@2 to /home/wrdowney/.config/discord/0.0.42/modules/pending/discord_voice-2.zip: 88%
2024-02-16T17:35:03.016Z [Modules] Streaming discord_voice@2 to /home/wrdowney/.config/discord/0.0.42/modules/pending/discord_voice-2.zip: 89%
2024-02-16T17:35:03.021Z [Modules] Streaming discord_voice@2 to /home/wrdowney/.config/discord/0.0.42/modules/pending/discord_voice-2.zip: 90%
2024-02-16T17:35:03.025Z [Modules] Streaming discord_voice@2 to /home/wrdowney/.config/discord/0.0.42/modules/pending/discord_voice-2.zip: 91%
2024-02-16T17:35:03.030Z [Modules] Streaming discord_voice@2 to /home/wrdowney/.config/discord/0.0.42/modules/pending/discord_voice-2.zip: 92%
2024-02-16T17:35:03.035Z [Modules] Streaming discord_voice@2 to /home/wrdowney/.config/discord/0.0.42/modules/pending/discord_voice-2.zip: 93%
2024-02-16T17:35:03.039Z [Modules] Streaming discord_voice@2 to /home/wrdowney/.config/discord/0.0.42/modules/pending/discord_voice-2.zip: 94%
2024-02-16T17:35:03.044Z [Modules] Streaming discord_voice@2 to /home/wrdowney/.config/discord/0.0.42/modules/pending/discord_voice-2.zip: 95%
2024-02-16T17:35:03.056Z [Modules] Streaming discord_voice@2 to /home/wrdowney/.config/discord/0.0.42/modules/pending/discord_voice-2.zip: 96%
2024-02-16T17:35:03.057Z [Modules] Streaming discord_voice@2 to /home/wrdowney/.config/discord/0.0.42/modules/pending/discord_voice-2.zip: 97%
2024-02-16T17:35:03.058Z [Modules] Streaming discord_voice@2 to /home/wrdowney/.config/discord/0.0.42/modules/pending/discord_voice-2.zip: 98%
2024-02-16T17:35:03.062Z [Modules] Streaming discord_voice@2 to /home/wrdowney/.config/discord/0.0.42/modules/pending/discord_voice-2.zip: 99%
2024-02-16T17:35:03.065Z [Modules] Streaming discord_voice@2 to /home/wrdowney/.config/discord/0.0.42/modules/pending/discord_voice-2.zip: 100%
2024-02-16T17:35:03.066Z [Modules] Finished module downloads. [success: 5] [failure: 0]
2024-02-16T17:35:03.066Z [Modules] Installing updates...
2024-02-16T17:35:03.066Z [Modules] Installing discord_desktop_core@1 from /home/wrdowney/.config/discord/0.0.42/modules/pending/discord_desktop_core-1.zip
2024-02-16T17:35:03.121Z [Modules] Installing discord_erlpack@1 from /home/wrdowney/.config/discord/0.0.42/modules/pending/discord_erlpack-1.zip
2024-02-16T17:35:03.146Z [Modules] Installing discord_spellcheck@1 from /home/wrdowney/.config/discord/0.0.42/modules/pending/discord_spellcheck-1.zip
2024-02-16T17:35:03.473Z [Modules] Installing discord_utils@1 from /home/wrdowney/.config/discord/0.0.42/modules/pending/discord_utils-1.zip
2024-02-16T17:35:03.528Z [Modules] Installing discord_voice@2 from /home/wrdowney/.config/discord/0.0.42/modules/pending/discord_voice-2.zip
2024-02-16T17:35:03.848Z [Modules] Finished module installations. [success: 5] [failure: 0]
2024-02-16T17:35:03.848Z [Modules] Host is up to date.
2024-02-16T17:35:03.848Z [Modules] Checking for module updates at https://discord.com/api/modules/stable/versions.json
2024-02-16T17:35:03.851Z [Modules] No module updates available.
2024-02-16T17:35:04.852Z [Modules] Starting to install discord_krisp...
2024-02-16T17:35:04.852Z [Modules] Fetching discord_krisp@1 from https://discord.com/api/modules/stable/discord_krisp/1
2024-02-16T17:35:04.853Z [Modules] Streaming discord_krisp@1 to /home/wrdowney/.config/discord/0.0.42/modules/pending/discord_krisp-1.zip
2024-02-16T17:35:04.857Z [Modules] Starting to install discord_game_utils...
2024-02-16T17:35:05.083Z [Modules] Streaming discord_krisp@1 to /home/wrdowney/.config/discord/0.0.42/modules/pending/discord_krisp-1.zip: 1%
2024-02-16T17:35:05.083Z [Modules] Streaming discord_krisp@1 to /home/wrdowney/.config/discord/0.0.42/modules/pending/discord_krisp-1.zip: 2%
2024-02-16T17:35:05.084Z [Modules] Streaming discord_krisp@1 to /home/wrdowney/.config/discord/0.0.42/modules/pending/discord_krisp-1.zip: 3%
2024-02-16T17:35:05.084Z [Modules] Streaming discord_krisp@1 to /home/wrdowney/.config/discord/0.0.42/modules/pending/discord_krisp-1.zip: 4%
2024-02-16T17:35:05.085Z [Modules] Streaming discord_krisp@1 to /home/wrdowney/.config/discord/0.0.42/modules/pending/discord_krisp-1.zip: 5%
2024-02-16T17:35:05.085Z [Modules] Streaming discord_krisp@1 to /home/wrdowney/.config/discord/0.0.42/modules/pending/discord_krisp-1.zip: 6%
2024-02-16T17:35:05.086Z [Modules] Streaming discord_krisp@1 to /home/wrdowney/.config/discord/0.0.42/modules/pending/discord_krisp-1.zip: 7%
2024-02-16T17:35:05.086Z [Modules] Streaming discord_krisp@1 to /home/wrdowney/.config/discord/0.0.42/modules/pending/discord_krisp-1.zip: 8%
2024-02-16T17:35:05.086Z [Modules] Streaming discord_krisp@1 to /home/wrdowney/.config/discord/0.0.42/modules/pending/discord_krisp-1.zip: 9%
2024-02-16T17:35:05.087Z [Modules] Streaming discord_krisp@1 to /home/wrdowney/.config/discord/0.0.42/modules/pending/discord_krisp-1.zip: 10%
2024-02-16T17:35:05.087Z [Modules] Streaming discord_krisp@1 to /home/wrdowney/.config/discord/0.0.42/modules/pending/discord_krisp-1.zip: 11%
2024-02-16T17:35:05.087Z [Modules] Streaming discord_krisp@1 to /home/wrdowney/.config/discord/0.0.42/modules/pending/discord_krisp-1.zip: 12%
2024-02-16T17:35:05.087Z [Modules] Streaming discord_krisp@1 to /home/wrdowney/.config/discord/0.0.42/modules/pending/discord_krisp-1.zip: 13%
2024-02-16T17:35:05.088Z [Modules] Streaming discord_krisp@1 to /home/wrdowney/.config/discord/0.0.42/modules/pending/discord_krisp-1.zip: 14%
2024-02-16T17:35:05.110Z [Modules] Streaming discord_krisp@1 to /home/wrdowney/.config/discord/0.0.42/modules/pending/discord_krisp-1.zip: 17%
2024-02-16T17:35:05.117Z [Modules] Streaming discord_krisp@1 to /home/wrdowney/.config/discord/0.0.42/modules/pending/discord_krisp-1.zip: 18%
2024-02-16T17:35:05.121Z [Modules] Streaming discord_krisp@1 to /home/wrdowney/.config/discord/0.0.42/modules/pending/discord_krisp-1.zip: 19%
2024-02-16T17:35:05.124Z [Modules] Streaming discord_krisp@1 to /home/wrdowney/.config/discord/0.0.42/modules/pending/discord_krisp-1.zip: 20%
2024-02-16T17:35:05.127Z [Modules] Streaming discord_krisp@1 to /home/wrdowney/.config/discord/0.0.42/modules/pending/discord_krisp-1.zip: 21%
2024-02-16T17:35:05.131Z [Modules] Streaming discord_krisp@1 to /home/wrdowney/.config/discord/0.0.42/modules/pending/discord_krisp-1.zip: 22%
2024-02-16T17:35:05.135Z [Modules] Streaming discord_krisp@1 to /home/wrdowney/.config/discord/0.0.42/modules/pending/discord_krisp-1.zip: 23%
2024-02-16T17:35:05.139Z [Modules] Streaming discord_krisp@1 to /home/wrdowney/.config/discord/0.0.42/modules/pending/discord_krisp-1.zip: 24%
2024-02-16T17:35:05.144Z [Modules] Streaming discord_krisp@1 to /home/wrdowney/.config/discord/0.0.42/modules/pending/discord_krisp-1.zip: 25%
2024-02-16T17:35:05.147Z [Modules] Streaming discord_krisp@1 to /home/wrdowney/.config/discord/0.0.42/modules/pending/discord_krisp-1.zip: 26%
2024-02-16T17:35:05.153Z [Modules] Streaming discord_krisp@1 to /home/wrdowney/.config/discord/0.0.42/modules/pending/discord_krisp-1.zip: 27%
2024-02-16T17:35:05.158Z [Modules] Streaming discord_krisp@1 to /home/wrdowney/.config/discord/0.0.42/modules/pending/discord_krisp-1.zip: 28%
2024-02-16T17:35:05.161Z [Modules] Streaming discord_krisp@1 to /home/wrdowney/.config/discord/0.0.42/modules/pending/discord_krisp-1.zip: 29%
2024-02-16T17:35:05.165Z [Modules] Streaming discord_krisp@1 to /home/wrdowney/.config/discord/0.0.42/modules/pending/discord_krisp-1.zip: 30%
2024-02-16T17:35:05.168Z [Modules] Streaming discord_krisp@1 to /home/wrdowney/.config/discord/0.0.42/modules/pending/discord_krisp-1.zip: 31%
2024-02-16T17:35:05.171Z [Modules] Streaming discord_krisp@1 to /home/wrdowney/.config/discord/0.0.42/modules/pending/discord_krisp-1.zip: 32%
2024-02-16T17:35:05.176Z [Modules] Streaming discord_krisp@1 to /home/wrdowney/.config/discord/0.0.42/modules/pending/discord_krisp-1.zip: 33%
2024-02-16T17:35:05.179Z [Modules] Streaming discord_krisp@1 to /home/wrdowney/.config/discord/0.0.42/modules/pending/discord_krisp-1.zip: 34%
2024-02-16T17:35:05.184Z [Modules] Streaming discord_krisp@1 to /home/wrdowney/.config/discord/0.0.42/modules/pending/discord_krisp-1.zip: 35%
2024-02-16T17:35:05.187Z [Modules] Streaming discord_krisp@1 to /home/wrdowney/.config/discord/0.0.42/modules/pending/discord_krisp-1.zip: 36%
2024-02-16T17:35:05.192Z [Modules] Streaming discord_krisp@1 to /home/wrdowney/.config/discord/0.0.42/modules/pending/discord_krisp-1.zip: 37%
2024-02-16T17:35:05.205Z [Modules] Streaming discord_krisp@1 to /home/wrdowney/.config/discord/0.0.42/modules/pending/discord_krisp-1.zip: 40%
2024-02-16T17:35:05.217Z [Modules] Streaming discord_krisp@1 to /home/wrdowney/.config/discord/0.0.42/modules/pending/discord_krisp-1.zip: 41%
2024-02-16T17:35:05.218Z [Modules] Streaming discord_krisp@1 to /home/wrdowney/.config/discord/0.0.42/modules/pending/discord_krisp-1.zip: 42%
2024-02-16T17:35:05.219Z [Modules] Streaming discord_krisp@1 to /home/wrdowney/.config/discord/0.0.42/modules/pending/discord_krisp-1.zip: 43%
2024-02-16T17:35:05.221Z [Modules] Streaming discord_krisp@1 to /home/wrdowney/.config/discord/0.0.42/modules/pending/discord_krisp-1.zip: 44%
2024-02-16T17:35:05.224Z [Modules] Streaming discord_krisp@1 to /home/wrdowney/.config/discord/0.0.42/modules/pending/discord_krisp-1.zip: 45%
2024-02-16T17:35:05.228Z [Modules] Streaming discord_krisp@1 to /home/wrdowney/.config/discord/0.0.42/modules/pending/discord_krisp-1.zip: 46%
2024-02-16T17:35:05.232Z [Modules] Streaming discord_krisp@1 to /home/wrdowney/.config/discord/0.0.42/modules/pending/discord_krisp-1.zip: 47%
2024-02-16T17:35:05.235Z [Modules] Streaming discord_krisp@1 to /home/wrdowney/.config/discord/0.0.42/modules/pending/discord_krisp-1.zip: 48%
2024-02-16T17:35:05.240Z [Modules] Streaming discord_krisp@1 to /home/wrdowney/.config/discord/0.0.42/modules/pending/discord_krisp-1.zip: 49%
2024-02-16T17:35:05.245Z [Modules] Streaming discord_krisp@1 to /home/wrdowney/.config/discord/0.0.42/modules/pending/discord_krisp-1.zip: 50%
2024-02-16T17:35:05.248Z [Modules] Streaming discord_krisp@1 to /home/wrdowney/.config/discord/0.0.42/modules/pending/discord_krisp-1.zip: 51%
2024-02-16T17:35:05.253Z [Modules] Streaming discord_krisp@1 to /home/wrdowney/.config/discord/0.0.42/modules/pending/discord_krisp-1.zip: 52%
2024-02-16T17:35:05.256Z [Modules] Streaming discord_krisp@1 to /home/wrdowney/.config/discord/0.0.42/modules/pending/discord_krisp-1.zip: 53%
2024-02-16T17:35:05.260Z [Modules] Streaming discord_krisp@1 to /home/wrdowney/.config/discord/0.0.42/modules/pending/discord_krisp-1.zip: 54%
2024-02-16T17:35:05.263Z [Modules] Streaming discord_krisp@1 to /home/wrdowney/.config/discord/0.0.42/modules/pending/discord_krisp-1.zip: 55%
2024-02-16T17:35:05.268Z [Modules] Streaming discord_krisp@1 to /home/wrdowney/.config/discord/0.0.42/modules/pending/discord_krisp-1.zip: 56%
2024-02-16T17:35:05.271Z [Modules] Streaming discord_krisp@1 to /home/wrdowney/.config/discord/0.0.42/modules/pending/discord_krisp-1.zip: 57%
2024-02-16T17:35:05.276Z [Modules] Streaming discord_krisp@1 to /home/wrdowney/.config/discord/0.0.42/modules/pending/discord_krisp-1.zip: 58%
2024-02-16T17:35:05.279Z [Modules] Streaming discord_krisp@1 to /home/wrdowney/.config/discord/0.0.42/modules/pending/discord_krisp-1.zip: 59%
2024-02-16T17:35:05.283Z [Modules] Streaming discord_krisp@1 to /home/wrdowney/.config/discord/0.0.42/modules/pending/discord_krisp-1.zip: 60%
2024-02-16T17:35:05.287Z [Modules] Streaming discord_krisp@1 to /home/wrdowney/.config/discord/0.0.42/modules/pending/discord_krisp-1.zip: 61%
2024-02-16T17:35:05.291Z [Modules] Streaming discord_krisp@1 to /home/wrdowney/.config/discord/0.0.42/modules/pending/discord_krisp-1.zip: 62%
2024-02-16T17:35:05.295Z [Modules] Streaming discord_krisp@1 to /home/wrdowney/.config/discord/0.0.42/modules/pending/discord_krisp-1.zip: 63%
2024-02-16T17:35:05.299Z [Modules] Streaming discord_krisp@1 to /home/wrdowney/.config/discord/0.0.42/modules/pending/discord_krisp-1.zip: 64%
2024-02-16T17:35:05.303Z [Modules] Streaming discord_krisp@1 to /home/wrdowney/.config/discord/0.0.42/modules/pending/discord_krisp-1.zip: 65%
2024-02-16T17:35:05.308Z [Modules] Streaming discord_krisp@1 to /home/wrdowney/.config/discord/0.0.42/modules/pending/discord_krisp-1.zip: 66%
2024-02-16T17:35:05.311Z [Modules] Streaming discord_krisp@1 to /home/wrdowney/.config/discord/0.0.42/modules/pending/discord_krisp-1.zip: 67%
2024-02-16T17:35:05.316Z [Modules] Streaming discord_krisp@1 to /home/wrdowney/.config/discord/0.0.42/modules/pending/discord_krisp-1.zip: 68%
2024-02-16T17:35:05.328Z [Modules] Streaming discord_krisp@1 to /home/wrdowney/.config/discord/0.0.42/modules/pending/discord_krisp-1.zip: 69%
2024-02-16T17:35:05.330Z [Modules] Host is up to date.
2024-02-16T17:35:05.330Z [Modules] Checking for module updates at https://discord.com/api/modules/stable/versions.json
2024-02-16T17:35:05.331Z [Modules] Streaming discord_krisp@1 to /home/wrdowney/.config/discord/0.0.42/modules/pending/discord_krisp-1.zip: 70%
2024-02-16T17:35:05.332Z [Modules] No module updates available.
2024-02-16T17:35:05.334Z [Modules] Streaming discord_krisp@1 to /home/wrdowney/.config/discord/0.0.42/modules/pending/discord_krisp-1.zip: 71%
2024-02-16T17:35:05.338Z [Modules] Streaming discord_krisp@1 to /home/wrdowney/.config/discord/0.0.42/modules/pending/discord_krisp-1.zip: 72%
2024-02-16T17:35:05.342Z [Modules] Streaming discord_krisp@1 to /home/wrdowney/.config/discord/0.0.42/modules/pending/discord_krisp-1.zip: 73%
2024-02-16T17:35:05.345Z [Modules] Streaming discord_krisp@1 to /home/wrdowney/.config/discord/0.0.42/modules/pending/discord_krisp-1.zip: 74%
2024-02-16T17:35:05.350Z [Modules] Streaming discord_krisp@1 to /home/wrdowney/.config/discord/0.0.42/modules/pending/discord_krisp-1.zip: 75%
2024-02-16T17:35:05.353Z [Modules] Streaming discord_krisp@1 to /home/wrdowney/.config/discord/0.0.42/modules/pending/discord_krisp-1.zip: 76%
2024-02-16T17:35:05.358Z [Modules] Streaming discord_krisp@1 to /home/wrdowney/.config/discord/0.0.42/modules/pending/discord_krisp-1.zip: 77%
2024-02-16T17:35:05.361Z [Modules] Streaming discord_krisp@1 to /home/wrdowney/.config/discord/0.0.42/modules/pending/discord_krisp-1.zip: 78%
2024-02-16T17:35:05.365Z [Modules] Streaming discord_krisp@1 to /home/wrdowney/.config/discord/0.0.42/modules/pending/discord_krisp-1.zip: 79%
2024-02-16T17:35:05.369Z [Modules] Streaming discord_krisp@1 to /home/wrdowney/.config/discord/0.0.42/modules/pending/discord_krisp-1.zip: 80%
2024-02-16T17:35:05.374Z [Modules] Streaming discord_krisp@1 to /home/wrdowney/.config/discord/0.0.42/modules/pending/discord_krisp-1.zip: 81%
2024-02-16T17:35:05.377Z [Modules] Streaming discord_krisp@1 to /home/wrdowney/.config/discord/0.0.42/modules/pending/discord_krisp-1.zip: 82%
2024-02-16T17:35:05.379Z [Modules] Starting to install discord_rpc...
2024-02-16T17:35:05.382Z [Modules] Streaming discord_krisp@1 to /home/wrdowney/.config/discord/0.0.42/modules/pending/discord_krisp-1.zip: 83%
2024-02-16T17:35:05.386Z [Modules] Streaming discord_krisp@1 to /home/wrdowney/.config/discord/0.0.42/modules/pending/discord_krisp-1.zip: 84%
2024-02-16T17:35:05.389Z [Modules] Streaming discord_krisp@1 to /home/wrdowney/.config/discord/0.0.42/modules/pending/discord_krisp-1.zip: 85%
2024-02-16T17:35:05.393Z [Modules] Streaming discord_krisp@1 to /home/wrdowney/.config/discord/0.0.42/modules/pending/discord_krisp-1.zip: 86%
2024-02-16T17:35:05.397Z [Modules] Streaming discord_krisp@1 to /home/wrdowney/.config/discord/0.0.42/modules/pending/discord_krisp-1.zip: 87%
2024-02-16T17:35:05.402Z [Modules] Streaming discord_krisp@1 to /home/wrdowney/.config/discord/0.0.42/modules/pending/discord_krisp-1.zip: 88%
2024-02-16T17:35:05.405Z [Modules] Streaming discord_krisp@1 to /home/wrdowney/.config/discord/0.0.42/modules/pending/discord_krisp-1.zip: 89%
2024-02-16T17:35:05.410Z [Modules] Streaming discord_krisp@1 to /home/wrdowney/.config/discord/0.0.42/modules/pending/discord_krisp-1.zip: 90%
2024-02-16T17:35:05.413Z [Modules] Streaming discord_krisp@1 to /home/wrdowney/.config/discord/0.0.42/modules/pending/discord_krisp-1.zip: 91%
2024-02-16T17:35:05.417Z [Modules] Streaming discord_krisp@1 to /home/wrdowney/.config/discord/0.0.42/modules/pending/discord_krisp-1.zip: 92%
2024-02-16T17:35:05.421Z [Modules] Streaming discord_krisp@1 to /home/wrdowney/.config/discord/0.0.42/modules/pending/discord_krisp-1.zip: 93%
2024-02-16T17:35:05.424Z [Modules] Streaming discord_krisp@1 to /home/wrdowney/.config/discord/0.0.42/modules/pending/discord_krisp-1.zip: 94%
2024-02-16T17:35:05.427Z [Modules] Streaming discord_krisp@1 to /home/wrdowney/.config/discord/0.0.42/modules/pending/discord_krisp-1.zip: 95%
2024-02-16T17:35:05.432Z [Modules] Streaming discord_krisp@1 to /home/wrdowney/.config/discord/0.0.42/modules/pending/discord_krisp-1.zip: 96%
2024-02-16T17:35:05.435Z [Modules] Streaming discord_krisp@1 to /home/wrdowney/.config/discord/0.0.42/modules/pending/discord_krisp-1.zip: 97%
2024-02-16T17:35:05.440Z [Modules] Streaming discord_krisp@1 to /home/wrdowney/.config/discord/0.0.42/modules/pending/discord_krisp-1.zip: 98%
2024-02-16T17:35:05.443Z [Modules] Streaming discord_krisp@1 to /home/wrdowney/.config/discord/0.0.42/modules/pending/discord_krisp-1.zip: 99%
2024-02-16T17:35:05.447Z [Modules] Streaming discord_krisp@1 to /home/wrdowney/.config/discord/0.0.42/modules/pending/discord_krisp-1.zip: 100%
2024-02-16T17:35:05.449Z [Modules] Fetching discord_game_utils@1 from https://discord.com/api/modules/stable/discord_game_utils/1
2024-02-16T17:35:05.449Z [Modules] Streaming discord_game_utils@1 to /home/wrdowney/.config/discord/0.0.42/modules/pending/discord_game_utils-1.zip
2024-02-16T17:35:05.449Z [Modules] Installing discord_krisp@1 from /home/wrdowney/.config/discord/0.0.42/modules/pending/discord_krisp-1.zip
2024-02-16T17:35:05.627Z [Modules] Streaming discord_game_utils@1 to /home/wrdowney/.config/discord/0.0.42/modules/pending/discord_game_utils-1.zip: 2%
2024-02-16T17:35:05.635Z [Modules] Streaming discord_game_utils@1 to /home/wrdowney/.config/discord/0.0.42/modules/pending/discord_game_utils-1.zip: 5%
2024-02-16T17:35:05.636Z [Modules] Streaming discord_game_utils@1 to /home/wrdowney/.config/discord/0.0.42/modules/pending/discord_game_utils-1.zip: 10%
2024-02-16T17:35:05.636Z [Modules] Streaming discord_game_utils@1 to /home/wrdowney/.config/discord/0.0.42/modules/pending/discord_game_utils-1.zip: 21%
2024-02-16T17:35:05.636Z [Modules] Streaming discord_game_utils@1 to /home/wrdowney/.config/discord/0.0.42/modules/pending/discord_game_utils-1.zip: 26%
2024-02-16T17:35:05.638Z [Modules] Streaming discord_game_utils@1 to /home/wrdowney/.config/discord/0.0.42/modules/pending/discord_game_utils-1.zip: 27%
2024-02-16T17:35:05.659Z [Modules] Streaming discord_game_utils@1 to /home/wrdowney/.config/discord/0.0.42/modules/pending/discord_game_utils-1.zip: 29%
2024-02-16T17:35:05.660Z [Modules] Streaming discord_game_utils@1 to /home/wrdowney/.config/discord/0.0.42/modules/pending/discord_game_utils-1.zip: 32%
2024-02-16T17:35:05.662Z [Modules] Streaming discord_game_utils@1 to /home/wrdowney/.config/discord/0.0.42/modules/pending/discord_game_utils-1.zip: 34%
2024-02-16T17:35:05.664Z [Modules] Streaming discord_game_utils@1 to /home/wrdowney/.config/discord/0.0.42/modules/pending/discord_game_utils-1.zip: 36%
2024-02-16T17:35:05.675Z [Modules] Streaming discord_game_utils@1 to /home/wrdowney/.config/discord/0.0.42/modules/pending/discord_game_utils-1.zip: 38%
2024-02-16T17:35:05.681Z [Modules] Streaming discord_game_utils@1 to /home/wrdowney/.config/discord/0.0.42/modules/pending/discord_game_utils-1.zip: 41%
2024-02-16T17:35:05.682Z [Modules] Streaming discord_game_utils@1 to /home/wrdowney/.config/discord/0.0.42/modules/pending/discord_game_utils-1.zip: 45%
2024-02-16T17:35:05.689Z [Modules] Streaming discord_game_utils@1 to /home/wrdowney/.config/discord/0.0.42/modules/pending/discord_game_utils-1.zip: 47%
2024-02-16T17:35:05.691Z [Modules] Streaming discord_game_utils@1 to /home/wrdowney/.config/discord/0.0.42/modules/pending/discord_game_utils-1.zip: 50%
2024-02-16T17:35:05.692Z [Modules] Streaming discord_game_utils@1 to /home/wrdowney/.config/discord/0.0.42/modules/pending/discord_game_utils-1.zip: 53%
2024-02-16T17:35:05.693Z [Modules] Streaming discord_game_utils@1 to /home/wrdowney/.config/discord/0.0.42/modules/pending/discord_game_utils-1.zip: 55%
2024-02-16T17:35:05.694Z [Modules] Streaming discord_game_utils@1 to /home/wrdowney/.config/discord/0.0.42/modules/pending/discord_game_utils-1.zip: 58%
2024-02-16T17:35:05.695Z [Modules] Streaming discord_game_utils@1 to /home/wrdowney/.config/discord/0.0.42/modules/pending/discord_game_utils-1.zip: 60%
2024-02-16T17:35:05.696Z [Modules] Streaming discord_game_utils@1 to /home/wrdowney/.config/discord/0.0.42/modules/pending/discord_game_utils-1.zip: 63%
2024-02-16T17:35:05.696Z [Modules] Streaming discord_game_utils@1 to /home/wrdowney/.config/discord/0.0.42/modules/pending/discord_game_utils-1.zip: 65%
2024-02-16T17:35:05.697Z [Modules] Streaming discord_game_utils@1 to /home/wrdowney/.config/discord/0.0.42/modules/pending/discord_game_utils-1.zip: 68%
2024-02-16T17:35:05.698Z [Modules] Streaming discord_game_utils@1 to /home/wrdowney/.config/discord/0.0.42/modules/pending/discord_game_utils-1.zip: 71%
2024-02-16T17:35:05.699Z [Modules] Streaming discord_game_utils@1 to /home/wrdowney/.config/discord/0.0.42/modules/pending/discord_game_utils-1.zip: 73%
2024-02-16T17:35:05.701Z [Modules] Streaming discord_game_utils@1 to /home/wrdowney/.config/discord/0.0.42/modules/pending/discord_game_utils-1.zip: 76%
2024-02-16T17:35:05.702Z [Modules] Streaming discord_game_utils@1 to /home/wrdowney/.config/discord/0.0.42/modules/pending/discord_game_utils-1.zip: 78%
2024-02-16T17:35:05.703Z [Modules] Streaming discord_game_utils@1 to /home/wrdowney/.config/discord/0.0.42/modules/pending/discord_game_utils-1.zip: 81%
2024-02-16T17:35:05.704Z [Modules] Streaming discord_game_utils@1 to /home/wrdowney/.config/discord/0.0.42/modules/pending/discord_game_utils-1.zip: 82%
2024-02-16T17:35:05.704Z [Modules] Streaming discord_game_utils@1 to /home/wrdowney/.config/discord/0.0.42/modules/pending/discord_game_utils-1.zip: 83%
2024-02-16T17:35:05.705Z [Modules] Streaming discord_game_utils@1 to /home/wrdowney/.config/discord/0.0.42/modules/pending/discord_game_utils-1.zip: 86%
2024-02-16T17:35:05.706Z [Modules] Streaming discord_game_utils@1 to /home/wrdowney/.config/discord/0.0.42/modules/pending/discord_game_utils-1.zip: 88%
2024-02-16T17:35:05.707Z [Modules] Streaming discord_game_utils@1 to /home/wrdowney/.config/discord/0.0.42/modules/pending/discord_game_utils-1.zip: 91%
2024-02-16T17:35:05.708Z [Modules] Streaming discord_game_utils@1 to /home/wrdowney/.config/discord/0.0.42/modules/pending/discord_game_utils-1.zip: 93%
2024-02-16T17:35:05.709Z [Modules] Streaming discord_game_utils@1 to /home/wrdowney/.config/discord/0.0.42/modules/pending/discord_game_utils-1.zip: 96%
2024-02-16T17:35:05.710Z [Modules] Streaming discord_game_utils@1 to /home/wrdowney/.config/discord/0.0.42/modules/pending/discord_game_utils-1.zip: 99%
2024-02-16T17:35:05.711Z [Modules] Streaming discord_game_utils@1 to /home/wrdowney/.config/discord/0.0.42/modules/pending/discord_game_utils-1.zip: 100%
2024-02-16T17:35:05.711Z [Modules] Fetching discord_rpc@1 from https://discord.com/api/modules/stable/discord_rpc/1
2024-02-16T17:35:05.711Z [Modules] Streaming discord_rpc@1 to /home/wrdowney/.config/discord/0.0.42/modules/pending/discord_rpc-1.zip
2024-02-16T17:35:05.717Z [Modules] Installing discord_game_utils@1 from /home/wrdowney/.config/discord/0.0.42/modules/pending/discord_game_utils-1.zip
2024-02-16T17:35:05.750Z [Modules] Finished module installations. [success: 2] [failure: 0]
2024-02-16T17:35:05.849Z [Modules] Streaming discord_rpc@1 to /home/wrdowney/.config/discord/0.0.42/modules/pending/discord_rpc-1.zip: 100%
2024-02-16T17:35:05.850Z [Modules] Finished module downloads. [success: 3] [failure: 0]
2024-02-16T17:35:05.850Z [Modules] Installing discord_rpc@1 from /home/wrdowney/.config/discord/0.0.42/modules/pending/discord_rpc-1.zip
2024-02-16T17:35:05.855Z [Modules] Finished module installations. [success: 1] [failure: 0]
2024-02-16T18:35:05.334Z [Modules] Host is up to date.
2024-02-16T18:35:05.334Z [Modules] Checking for module updates at https://discord.com/api/modules/stable/versions.json
2024-02-16T18:35:05.644Z [Modules] No module updates available.
2024-02-16T19:35:05.334Z [Modules] Host is up to date.
2024-02-16T19:35:05.334Z [Modules] Checking for module updates at https://discord.com/api/modules/stable/versions.json
2024-02-16T19:35:05.474Z [Modules] No module updates available.
2024-02-16T20:35:05.331Z [Modules] Host is up to date.
2024-02-16T20:35:05.331Z [Modules] Checking for module updates at https://discord.com/api/modules/stable/versions.json
2024-02-16T20:35:05.472Z [Modules] No module updates available.
2024-02-16T22:11:39.053Z [Modules] Host is up to date.
2024-02-16T22:11:39.054Z [Modules] Checking for module updates at https://discord.com/api/modules/stable/versions.json
2024-02-16T22:11:39.135Z [Modules] No module updates available.
2024-02-17T19:51:02.161Z [Modules] Host is up to date.
2024-02-17T19:51:02.161Z [Modules] Checking for module updates at https://discord.com/api/modules/stable/versions.json
2024-02-17T19:51:02.323Z [Modules] No module updates available.
2024-02-19T16:23:51.027Z [Modules] Host is up to date.
2024-02-19T16:23:51.028Z [Modules] Checking for module updates at https://discord.com/api/modules/stable/versions.json
2024-02-19T16:23:51.168Z [Modules] No module updates available.
2024-02-19T17:23:51.028Z [Modules] Host is up to date.
2024-02-19T17:23:51.028Z [Modules] Checking for module updates at https://discord.com/api/modules/stable/versions.json
2024-02-19T17:23:51.195Z [Modules] No module updates available.
2024-02-19T19:08:20.784Z [Modules] Host is up to date.
2024-02-19T19:08:20.784Z [Modules] Checking for module updates at https://discord.com/api/modules/stable/versions.json
2024-02-19T19:08:20.942Z [Modules] No module updates available.
